[INFO] 2016-11-16 12:32:42.122 [Test worker] o.s.b.t.c.SpringBootTestContextBootstrapper  Neither @ContextConfiguration nor @ContextHierarchy found for test class [pl.java.scalatech.GeneratorDanychApplicationTests], using SpringBootContextLoader
[INFO] 2016-11-16 12:32:42.130 [Test worker] o.s.t.c.s.AbstractContextLoader  Could not detect default resource locations for test class [pl.java.scalatech.GeneratorDanychApplicationTests]: no resource found for suffixes {-context.xml, Context.groovy}.
[INFO] 2016-11-16 12:32:42.131 [Test worker] o.s.t.c.s.AnnotationConfigContextLoaderUtils  Could not detect default configuration classes for test class [pl.java.scalatech.GeneratorDanychApplicationTests]: GeneratorDanychApplicationTests does not declare any static, non-private, non-final, nested classes annotated with @Configuration.
[INFO] 2016-11-16 12:32:42.282 [Test worker] o.s.b.t.c.SpringBootTestContextBootstrapper  Found @SpringBootConfiguration pl.java.scalatech.GeneratorDanychApplication for test class pl.java.scalatech.GeneratorDanychApplicationTests
[INFO] 2016-11-16 12:32:42.291 [Test worker] o.s.b.t.c.SpringBootTestContextBootstrapper  Loaded default TestExecutionListener class names from location [META-INF/spring.factories]: [org.springframework.boot.test.mock.mockito.MockitoTestExecutionListener, org.springframework.boot.test.mock.mockito.ResetMocksTestExecutionListener, org.springframework.boot.test.autoconfigure.restdocs.RestDocsTestExecutionListener, org.springframework.boot.test.autoconfigure.web.client.MockRestServiceServerResetTestExecutionListener, org.springframework.boot.test.autoconfigure.web.servlet.MockMvcPrintOnlyOnFailureTestExecutionListener, org.springframework.boot.test.autoconfigure.web.servlet.WebDriverTestExecutionListener, org.springframework.test.context.web.ServletTestExecutionListener, org.springframework.test.context.support.DirtiesContextBeforeModesTestExecutionListener, org.springframework.test.context.support.DependencyInjectionTestExecutionListener, org.springframework.test.context.support.DirtiesContextTestExecutionListener, org.springframework.test.context.transaction.TransactionalTestExecutionListener, org.springframework.test.context.jdbc.SqlScriptsTestExecutionListener]
[INFO] 2016-11-16 12:32:42.330 [Test worker] o.s.b.t.c.SpringBootTestContextBootstrapper  Using TestExecutionListeners: [org.springframework.test.context.web.ServletTestExecutionListener@55e0960f, org.springframework.test.context.support.DirtiesContextBeforeModesTestExecutionListener@1d1e544e, org.springframework.boot.test.autoconfigure.SpringBootDependencyInjectionTestExecutionListener@55024752, org.springframework.test.context.support.DirtiesContextTestExecutionListener@263461b2, org.springframework.test.context.transaction.TransactionalTestExecutionListener@77b5db95, org.springframework.test.context.jdbc.SqlScriptsTestExecutionListener@18665d09, org.springframework.boot.test.mock.mockito.ResetMocksTestExecutionListener@5f99a180, org.springframework.boot.test.autoconfigure.web.servlet.WebDriverTestExecutionListener@5a256230, org.springframework.boot.test.mock.mockito.MockitoTestExecutionListener@3156392, org.springframework.boot.test.autoconfigure.web.servlet.MockMvcPrintOnlyOnFailureTestExecutionListener@2931e8ec, org.springframework.boot.test.autoconfigure.restdocs.RestDocsTestExecutionListener@3b36d9eb, org.springframework.boot.test.autoconfigure.web.client.MockRestServiceServerResetTestExecutionListener@4af3185f]
[INFO] 2016-11-16 12:32:42.760 [Test worker] p.j.s.GeneratorDanychApplicationTests  Starting GeneratorDanychApplicationTests on przodownik-Dell-System-XPS-L702X with PID 631 (started by przodownik in /home/przodownik/workspace-sts-3.8.0.RELEASE/NbpCloud)
[INFO] 2016-11-16 12:32:42.761 [Test worker] p.j.s.GeneratorDanychApplicationTests  No active profile set, falling back to default profiles: default
[INFO] 2016-11-16 12:32:42.831 [Test worker] o.s.w.c.s.GenericWebApplicationContext  Refreshing org.springframework.web.context.support.GenericWebApplicationContext@72f7170: startup date [Wed Nov 16 12:32:42 CET 2016]; root of context hierarchy
[INFO] 2016-11-16 12:32:43.148 [background-preinit] o.h.validator.internal.util.Version  HV000001: Hibernate Validator 5.2.4.Final
[INFO] 2016-11-16 12:32:45.421 [Test worker] o.s.c.s.PostProcessorRegistrationDelegate$BeanPostProcessorChecker  Bean 'org.springframework.transaction.annotation.ProxyTransactionManagementConfiguration' of type [class org.springframework.transaction.annotation.ProxyTransactionManagementConfiguration$$EnhancerBySpringCGLIB$$74443a85] is not eligible for getting processed by all BeanPostProcessors (for example: not eligible for auto-proxying)
[INFO] 2016-11-16 12:32:45.470 [Test worker] o.s.c.s.PostProcessorRegistrationDelegate$BeanPostProcessorChecker  Bean 'org.apache.camel.spring.boot.CamelAutoConfiguration' of type [class org.apache.camel.spring.boot.CamelAutoConfiguration$$EnhancerBySpringCGLIB$$966e00a4] is not eligible for getting processed by all BeanPostProcessors (for example: not eligible for auto-proxying)
[INFO] 2016-11-16 12:32:46.103 [Test worker] o.s.o.j.LocalContainerEntityManagerFactoryBean  Building JPA container EntityManagerFactory for persistence unit 'default'
[INFO] 2016-11-16 12:32:46.122 [Test worker] o.h.jpa.internal.util.LogHelper  HHH000204: Processing PersistenceUnitInfo [
	name: default
	...]
[INFO] 2016-11-16 12:32:46.191 [Test worker] org.hibernate.Version  HHH000412: Hibernate Core {5.0.11.Final}
[INFO] 2016-11-16 12:32:46.193 [Test worker] org.hibernate.cfg.Environment  HHH000206: hibernate.properties not found
[INFO] 2016-11-16 12:32:46.195 [Test worker] org.hibernate.cfg.Environment  HHH000021: Bytecode provider name : javassist
[INFO] 2016-11-16 12:32:46.239 [Test worker] o.h.annotations.common.Version  HCANN000001: Hibernate Commons Annotations {5.0.1.Final}
[INFO] 2016-11-16 12:32:46.521 [Test worker] org.hibernate.dialect.Dialect  HHH000400: Using dialect: org.hibernate.dialect.H2Dialect
[INFO] 2016-11-16 12:32:46.998 [Test worker] o.h.tool.hbm2ddl.SchemaExport  HHH000227: Running hbm2ddl schema export
[INFO] 2016-11-16 12:32:47.009 [Test worker] o.h.tool.hbm2ddl.SchemaExport  HHH000230: Schema export complete
[INFO] 2016-11-16 12:32:47.044 [Test worker] o.s.o.j.LocalContainerEntityManagerFactoryBean  Initialized JPA EntityManagerFactory for persistence unit 'default'
[INFO] 2016-11-16 12:32:47.903 [Test worker] o.a.c.w.s.f.ReflectionServiceFactoryBean  Creating Service {http://nbp.camel.scalatech.java.pl/}CurrentServiceService from class pl.java.scalatech.camel.nbp.CurrentService
[INFO] 2016-11-16 12:32:49.681 [Test worker] o.s.b.t.m.w.SpringBootMockServletContext  jolokia: No access restrictor found, access to any MBean is allowed
[INFO] 2016-11-16 12:32:50.197 [Test worker] o.s.w.s.m.m.a.RequestMappingHandlerAdapter  Looking for @ControllerAdvice: org.springframework.web.context.support.GenericWebApplicationContext@72f7170: startup date [Wed Nov 16 12:32:42 CET 2016]; root of context hierarchy
[INFO] 2016-11-16 12:32:50.288 [Test worker] o.s.w.s.m.m.a.RequestMappingHandlerMapping  Mapped "{[/byCode/{code}],methods=[GET]}" onto public java.lang.String pl.java.scalatech.web.CurrencyController.getMutlipierByCode(java.lang.String)
[INFO] 2016-11-16 12:32:50.291 [Test worker] o.s.w.s.m.m.a.RequestMappingHandlerMapping  Mapped "{[/byCodeWs/{code}],methods=[GET]}" onto public java.lang.String pl.java.scalatech.web.CurrencyWsController.getMutlipierByCode(java.lang.String)
[INFO] 2016-11-16 12:32:50.292 [Test worker] o.s.w.s.m.m.a.RequestMappingHandlerMapping  Mapped "{[/generate]}" onto java.lang.String pl.java.scalatech.web.GenerateController.generate()
[INFO] 2016-11-16 12:32:50.297 [Test worker] o.s.w.s.m.m.a.RequestMappingHandlerMapping  Mapped "{[/error],produces=[text/html]}" onto public org.springframework.web.servlet.ModelAndView org.springframework.boot.autoconfigure.web.BasicErrorController.errorHtml(javax.servlet.http.HttpServletRequest,javax.servlet.http.HttpServletResponse)
[INFO] 2016-11-16 12:32:50.298 [Test worker] o.s.w.s.m.m.a.RequestMappingHandlerMapping  Mapped "{[/error]}" onto public org.springframework.http.ResponseEntity<java.util.Map<java.lang.String, java.lang.Object>> org.springframework.boot.autoconfigure.web.BasicErrorController.error(javax.servlet.http.HttpServletRequest)
[INFO] 2016-11-16 12:32:50.354 [Test worker] o.s.w.s.h.SimpleUrlHandlerMapping  Mapped URL path [/webjars/**] onto handler of type [class org.springframework.web.servlet.resource.ResourceHttpRequestHandler]
[INFO] 2016-11-16 12:32:50.355 [Test worker] o.s.w.s.h.SimpleUrlHandlerMapping  Mapped URL path [/**] onto handler of type [class org.springframework.web.servlet.resource.ResourceHttpRequestHandler]
[INFO] 2016-11-16 12:32:50.415 [Test worker] o.s.w.s.h.SimpleUrlHandlerMapping  Mapped URL path [/**/favicon.ico] onto handler of type [class org.springframework.web.servlet.resource.ResourceHttpRequestHandler]
[INFO] 2016-11-16 12:32:50.574 [Test worker] o.a.c.i.c.DefaultTypeConverter  Loaded 214 type converters
[INFO] 2016-11-16 12:32:51.495 [Test worker] o.s.b.a.e.mvc.EndpointHandlerMapping  Mapped "{[/dump || /dump.json],methods=[GET],produces=[application/json]}" onto public java.lang.Object org.springframework.boot.actuate.endpoint.mvc.EndpointMvcAdapter.invoke()
[INFO] 2016-11-16 12:32:51.497 [Test worker] o.s.b.a.e.mvc.EndpointHandlerMapping  Mapped "{[/autoconfig || /autoconfig.json],methods=[GET],produces=[application/json]}" onto public java.lang.Object org.springframework.boot.actuate.endpoint.mvc.EndpointMvcAdapter.invoke()
[INFO] 2016-11-16 12:32:51.498 [Test worker] o.s.b.a.e.mvc.EndpointHandlerMapping  Mapped "{[/jolokia/**]}" onto public org.springframework.web.servlet.ModelAndView org.springframework.boot.actuate.endpoint.mvc.JolokiaMvcEndpoint.handle(javax.servlet.http.HttpServletRequest,javax.servlet.http.HttpServletResponse) throws java.lang.Exception
[INFO] 2016-11-16 12:32:51.500 [Test worker] o.s.b.a.e.mvc.EndpointHandlerMapping  Mapped "{[/mappings || /mappings.json],methods=[GET],produces=[application/json]}" onto public java.lang.Object org.springframework.boot.actuate.endpoint.mvc.EndpointMvcAdapter.invoke()
[INFO] 2016-11-16 12:32:51.501 [Test worker] o.s.b.a.e.mvc.EndpointHandlerMapping  Mapped "{[/env/{name:.*}],methods=[GET],produces=[application/json]}" onto public java.lang.Object org.springframework.boot.actuate.endpoint.mvc.EnvironmentMvcEndpoint.value(java.lang.String)
[INFO] 2016-11-16 12:32:51.502 [Test worker] o.s.b.a.e.mvc.EndpointHandlerMapping  Mapped "{[/env || /env.json],methods=[GET],produces=[application/json]}" onto public java.lang.Object org.springframework.boot.actuate.endpoint.mvc.EndpointMvcAdapter.invoke()
[INFO] 2016-11-16 12:32:51.503 [Test worker] o.s.b.a.e.mvc.EndpointHandlerMapping  Mapped "{[/health || /health.json],produces=[application/json]}" onto public java.lang.Object org.springframework.boot.actuate.endpoint.mvc.HealthMvcEndpoint.invoke(java.security.Principal)
[INFO] 2016-11-16 12:32:51.505 [Test worker] o.s.b.a.e.mvc.EndpointHandlerMapping  Mapped "{[/beans || /beans.json],methods=[GET],produces=[application/json]}" onto public java.lang.Object org.springframework.boot.actuate.endpoint.mvc.EndpointMvcAdapter.invoke()
[INFO] 2016-11-16 12:32:51.508 [Test worker] o.s.b.a.e.mvc.EndpointHandlerMapping  Mapped "{[/metrics/{name:.*}],methods=[GET],produces=[application/json]}" onto public java.lang.Object org.springframework.boot.actuate.endpoint.mvc.MetricsMvcEndpoint.value(java.lang.String)
[INFO] 2016-11-16 12:32:51.509 [Test worker] o.s.b.a.e.mvc.EndpointHandlerMapping  Mapped "{[/metrics || /metrics.json],methods=[GET],produces=[application/json]}" onto public java.lang.Object org.springframework.boot.actuate.endpoint.mvc.EndpointMvcAdapter.invoke()
[INFO] 2016-11-16 12:32:51.511 [Test worker] o.s.b.a.e.mvc.EndpointHandlerMapping  Mapped "{[/heapdump || /heapdump.json],methods=[GET],produces=[application/octet-stream]}" onto public void org.springframework.boot.actuate.endpoint.mvc.HeapdumpMvcEndpoint.invoke(boolean,javax.servlet.http.HttpServletRequest,javax.servlet.http.HttpServletResponse) throws java.io.IOException,javax.servlet.ServletException
[INFO] 2016-11-16 12:32:51.512 [Test worker] o.s.b.a.e.mvc.EndpointHandlerMapping  Mapped "{[/info || /info.json],methods=[GET],produces=[application/json]}" onto public java.lang.Object org.springframework.boot.actuate.endpoint.mvc.EndpointMvcAdapter.invoke()
[INFO] 2016-11-16 12:32:51.514 [Test worker] o.s.b.a.e.mvc.EndpointHandlerMapping  Mapped "{[/configprops || /configprops.json],methods=[GET],produces=[application/json]}" onto public java.lang.Object org.springframework.boot.actuate.endpoint.mvc.EndpointMvcAdapter.invoke()
[INFO] 2016-11-16 12:32:51.515 [Test worker] o.s.b.a.e.mvc.EndpointHandlerMapping  Mapped "{[/trace || /trace.json],methods=[GET],produces=[application/json]}" onto public java.lang.Object org.springframework.boot.actuate.endpoint.mvc.EndpointMvcAdapter.invoke()
[INFO] 2016-11-16 12:32:51.974 [Test worker] o.a.c.spring.boot.RoutesCollector  Loading additional Camel XML routes from: classpath:camel/*.xml
[INFO] 2016-11-16 12:32:51.975 [Test worker] o.a.c.spring.boot.RoutesCollector  Loading additional Camel XML rests from: classpath:camel-rest/*.xml
[INFO] 2016-11-16 12:32:51.976 [Test worker] o.a.camel.spring.SpringCamelContext  Apache Camel 2.18.0 (CamelContext: camel-1) is starting
[INFO] 2016-11-16 12:32:51.978 [Test worker] o.a.c.m.ManagedManagementStrategy  JMX is enabled
[INFO] 2016-11-16 12:32:52.115 [Test worker] o.a.c.i.DefaultRuntimeEndpointRegistry  Runtime endpoint registry is in extended mode gathering usage statistics of all incoming and outgoing endpoints (cache limit: 1000)
[INFO] 2016-11-16 12:32:52.612 [Test worker] o.a.camel.spring.SpringCamelContext  StreamCaching is not in use. If using streams then its recommended to enable stream caching. See more details at http://camel.apache.org/stream-caching.html
[INFO] 2016-11-16 12:32:52.732 [Test worker] o.a.c.b.spring.BusApplicationContext  Refreshing org.apache.cxf.bus.spring.BusApplicationContext@221d2dbe: startup date [Wed Nov 16 12:32:52 CET 2016]; parent: org.springframework.web.context.support.GenericWebApplicationContext@72f7170
[INFO] 2016-11-16 12:32:52.794 [Test worker] o.a.c.w.s.f.ReflectionServiceFactoryBean  Creating Service {http://nbp.camel.scalatech.java.pl/}CurrentServiceService from class pl.java.scalatech.camel.nbp.CurrentService
[INFO] 2016-11-16 12:32:52.846 [Test worker] org.apache.cxf.endpoint.ServerImpl  Setting the server's publish address to be /byCode
[INFO] 2016-11-16 12:32:52.955 [Test worker] o.a.camel.spring.SpringCamelContext  Route: generateFileRoute started and consuming from: direct://generate
[INFO] 2016-11-16 12:32:52.958 [Test worker] o.a.camel.spring.SpringCamelContext  Route: saveToDB started and consuming from: direct://saveToDB
[INFO] 2016-11-16 12:32:52.964 [Test worker] o.a.camel.spring.SpringCamelContext  Route: wsCxf started and consuming from: cxf:///CurrencyCode?address=%2FbyCode&serviceClass=pl.java.scalatech.camel.nbp.CurrentService
[INFO] 2016-11-16 12:32:52.967 [Test worker] o.a.camel.spring.SpringCamelContext  Route: httpCurrencyLoaderRoute started and consuming from: timer://nbp?fixedRate=true&period=5000s
[INFO] 2016-11-16 12:32:52.985 [Test worker] o.a.camel.spring.SpringCamelContext  Route: jaxbUnmarshalRoute started and consuming from: file://nbp?move=old&moveFailed=failed
[INFO] 2016-11-16 12:32:52.988 [Test worker] o.a.camel.spring.SpringCamelContext  Route: unmarshalToBeanRoute started and consuming from: direct://umarshalReady
[INFO] 2016-11-16 12:32:52.990 [Test worker] o.a.camel.spring.SpringCamelContext  Total 6 routes, of which 6 are started.
[INFO] 2016-11-16 12:32:52.992 [Test worker] o.a.camel.spring.SpringCamelContext  Apache Camel 2.18.0 (CamelContext: camel-1) started in 1.014 seconds
[INFO] 2016-11-16 12:32:53.006 [Test worker] p.j.s.GeneratorDanychApplicationTests  Started GeneratorDanychApplicationTests in 10.627 seconds (JVM running for 11.739)
[INFO] 2016-11-16 12:32:53.072 [Thread-8] o.s.w.c.s.GenericWebApplicationContext  Closing org.springframework.web.context.support.GenericWebApplicationContext@72f7170: startup date [Wed Nov 16 12:32:42 CET 2016]; root of context hierarchy
[INFO] 2016-11-16 12:32:53.080 [Thread-8] o.a.c.b.spring.BusApplicationContext  Closing org.apache.cxf.bus.spring.BusApplicationContext@221d2dbe: startup date [Wed Nov 16 12:32:52 CET 2016]; parent: org.springframework.web.context.support.GenericWebApplicationContext@72f7170
[INFO] 2016-11-16 12:32:53.096 [Thread-8] o.a.camel.spring.SpringCamelContext  Apache Camel 2.18.0 (CamelContext: camel-1) is shutting down
[INFO] 2016-11-16 12:32:53.098 [Thread-8] o.a.c.impl.DefaultShutdownStrategy  Starting to graceful shutdown 6 routes (timeout 300 seconds)
[INFO] 2016-11-16 12:32:53.104 [Camel (camel-1) thread #2 - ShutdownTask] o.a.c.impl.DefaultShutdownStrategy  Route: httpCurrencyLoaderRoute shutdown complete, was consuming from: timer://nbp?fixedRate=true&period=5000s
[INFO] 2016-11-16 12:32:53.105 [Camel (camel-1) thread #2 - ShutdownTask] o.a.c.impl.DefaultShutdownStrategy  Route: wsCxf shutdown complete, was consuming from: cxf:///CurrencyCode?address=%2FbyCode&serviceClass=pl.java.scalatech.camel.nbp.CurrentService
[INFO] 2016-11-16 12:32:53.106 [Camel (camel-1) thread #2 - ShutdownTask] o.a.c.impl.DefaultShutdownStrategy  Route: unmarshalToBeanRoute shutdown complete, was consuming from: direct://umarshalReady
[INFO] 2016-11-16 12:32:53.111 [Camel (camel-1) thread #2 - ShutdownTask] o.a.c.impl.DefaultShutdownStrategy  Route: jaxbUnmarshalRoute shutdown complete, was consuming from: file://nbp?move=old&moveFailed=failed
[INFO] 2016-11-16 12:32:53.111 [Camel (camel-1) thread #2 - ShutdownTask] o.a.c.impl.DefaultShutdownStrategy  Route: saveToDB shutdown complete, was consuming from: direct://saveToDB
[INFO] 2016-11-16 12:32:53.112 [Camel (camel-1) thread #2 - ShutdownTask] o.a.c.impl.DefaultShutdownStrategy  Route: generateFileRoute shutdown complete, was consuming from: direct://generate
[INFO] 2016-11-16 12:32:53.112 [Thread-8] o.a.c.impl.DefaultShutdownStrategy  Graceful shutdown of 6 routes completed in 0 seconds
[INFO] 2016-11-16 12:32:53.128 [Thread-8] o.a.camel.component.cxf.CxfEndpoint  shutdown the bus ... org.apache.cxf.bus.spring.SpringBus@4ffa8f1a
[INFO] 2016-11-16 12:32:53.198 [Thread-8] o.a.camel.spring.SpringCamelContext  Apache Camel 2.18.0 (CamelContext: camel-1) uptime 1.221 seconds
[INFO] 2016-11-16 12:32:53.198 [Thread-8] o.a.camel.spring.SpringCamelContext  Apache Camel 2.18.0 (CamelContext: camel-1) is shutdown in 0.101 seconds
[INFO] 2016-11-16 12:32:53.199 [Thread-8] o.s.o.j.LocalContainerEntityManagerFactoryBean  Closing JPA EntityManagerFactory for persistence unit 'default'
[INFO] 2016-11-16 12:32:53.200 [Thread-8] o.h.tool.hbm2ddl.SchemaExport  HHH000227: Running hbm2ddl schema export
[INFO] 2016-11-16 12:32:53.204 [Thread-8] o.h.tool.hbm2ddl.SchemaExport  HHH000230: Schema export complete
[INFO] 2016-11-16 15:32:44.008 [Test worker] o.s.b.t.c.SpringBootTestContextBootstrapper  Neither @ContextConfiguration nor @ContextHierarchy found for test class [pl.java.scalatech.GeneratorDanychApplicationTests], using SpringBootContextLoader
[INFO] 2016-11-16 15:32:44.016 [Test worker] o.s.t.c.s.AbstractContextLoader  Could not detect default resource locations for test class [pl.java.scalatech.GeneratorDanychApplicationTests]: no resource found for suffixes {-context.xml, Context.groovy}.
[INFO] 2016-11-16 15:32:44.017 [Test worker] o.s.t.c.s.AnnotationConfigContextLoaderUtils  Could not detect default configuration classes for test class [pl.java.scalatech.GeneratorDanychApplicationTests]: GeneratorDanychApplicationTests does not declare any static, non-private, non-final, nested classes annotated with @Configuration.
[INFO] 2016-11-16 15:32:44.142 [Test worker] o.s.b.t.c.SpringBootTestContextBootstrapper  Found @SpringBootConfiguration pl.java.scalatech.GeneratorDanychApplication for test class pl.java.scalatech.GeneratorDanychApplicationTests
[INFO] 2016-11-16 15:32:44.152 [Test worker] o.s.b.t.c.SpringBootTestContextBootstrapper  Loaded default TestExecutionListener class names from location [META-INF/spring.factories]: [org.springframework.boot.test.mock.mockito.MockitoTestExecutionListener, org.springframework.boot.test.mock.mockito.ResetMocksTestExecutionListener, org.springframework.boot.test.autoconfigure.restdocs.RestDocsTestExecutionListener, org.springframework.boot.test.autoconfigure.web.client.MockRestServiceServerResetTestExecutionListener, org.springframework.boot.test.autoconfigure.web.servlet.MockMvcPrintOnlyOnFailureTestExecutionListener, org.springframework.boot.test.autoconfigure.web.servlet.WebDriverTestExecutionListener, org.springframework.test.context.web.ServletTestExecutionListener, org.springframework.test.context.support.DirtiesContextBeforeModesTestExecutionListener, org.springframework.test.context.support.DependencyInjectionTestExecutionListener, org.springframework.test.context.support.DirtiesContextTestExecutionListener, org.springframework.test.context.transaction.TransactionalTestExecutionListener, org.springframework.test.context.jdbc.SqlScriptsTestExecutionListener]
[INFO] 2016-11-16 15:32:44.184 [Test worker] o.s.b.t.c.SpringBootTestContextBootstrapper  Using TestExecutionListeners: [org.springframework.test.context.web.ServletTestExecutionListener@55e0960f, org.springframework.test.context.support.DirtiesContextBeforeModesTestExecutionListener@1d1e544e, org.springframework.boot.test.autoconfigure.SpringBootDependencyInjectionTestExecutionListener@55024752, org.springframework.test.context.support.DirtiesContextTestExecutionListener@263461b2, org.springframework.test.context.transaction.TransactionalTestExecutionListener@77b5db95, org.springframework.test.context.jdbc.SqlScriptsTestExecutionListener@18665d09, org.springframework.boot.test.mock.mockito.ResetMocksTestExecutionListener@5f99a180, org.springframework.boot.test.autoconfigure.web.servlet.WebDriverTestExecutionListener@5a256230, org.springframework.boot.test.mock.mockito.MockitoTestExecutionListener@3156392, org.springframework.boot.test.autoconfigure.web.servlet.MockMvcPrintOnlyOnFailureTestExecutionListener@2931e8ec, org.springframework.boot.test.autoconfigure.restdocs.RestDocsTestExecutionListener@3b36d9eb, org.springframework.boot.test.autoconfigure.web.client.MockRestServiceServerResetTestExecutionListener@4af3185f]
[INFO] 2016-11-16 15:32:44.603 [Test worker] p.j.s.GeneratorDanychApplicationTests  Starting GeneratorDanychApplicationTests on przodownik-Dell-System-XPS-L702X with PID 24287 (started by przodownik in /home/przodownik/workspace-sts-3.8.0.RELEASE/NbpCloud)
[INFO] 2016-11-16 15:32:44.604 [Test worker] p.j.s.GeneratorDanychApplicationTests  No active profile set, falling back to default profiles: default
[INFO] 2016-11-16 15:32:44.654 [Test worker] o.s.w.c.s.GenericWebApplicationContext  Refreshing org.springframework.web.context.support.GenericWebApplicationContext@72f7170: startup date [Wed Nov 16 15:32:44 CET 2016]; root of context hierarchy
[INFO] 2016-11-16 15:32:44.958 [background-preinit] o.h.validator.internal.util.Version  HV000001: Hibernate Validator 5.2.4.Final
[INFO] 2016-11-16 15:32:47.005 [Test worker] o.s.c.s.PostProcessorRegistrationDelegate$BeanPostProcessorChecker  Bean 'org.springframework.transaction.annotation.ProxyTransactionManagementConfiguration' of type [class org.springframework.transaction.annotation.ProxyTransactionManagementConfiguration$$EnhancerBySpringCGLIB$$74443a85] is not eligible for getting processed by all BeanPostProcessors (for example: not eligible for auto-proxying)
[INFO] 2016-11-16 15:32:47.048 [Test worker] o.s.c.s.PostProcessorRegistrationDelegate$BeanPostProcessorChecker  Bean 'org.apache.camel.spring.boot.CamelAutoConfiguration' of type [class org.apache.camel.spring.boot.CamelAutoConfiguration$$EnhancerBySpringCGLIB$$966e00a4] is not eligible for getting processed by all BeanPostProcessors (for example: not eligible for auto-proxying)
[INFO] 2016-11-16 15:32:47.759 [Test worker] o.s.o.j.LocalContainerEntityManagerFactoryBean  Building JPA container EntityManagerFactory for persistence unit 'default'
[INFO] 2016-11-16 15:32:47.782 [Test worker] o.h.jpa.internal.util.LogHelper  HHH000204: Processing PersistenceUnitInfo [
	name: default
	...]
[INFO] 2016-11-16 15:32:47.854 [Test worker] org.hibernate.Version  HHH000412: Hibernate Core {5.0.11.Final}
[INFO] 2016-11-16 15:32:47.857 [Test worker] org.hibernate.cfg.Environment  HHH000206: hibernate.properties not found
[INFO] 2016-11-16 15:32:47.860 [Test worker] org.hibernate.cfg.Environment  HHH000021: Bytecode provider name : javassist
[INFO] 2016-11-16 15:32:47.923 [Test worker] o.h.annotations.common.Version  HCANN000001: Hibernate Commons Annotations {5.0.1.Final}
[INFO] 2016-11-16 15:32:48.231 [Test worker] org.hibernate.dialect.Dialect  HHH000400: Using dialect: org.hibernate.dialect.H2Dialect
[INFO] 2016-11-16 15:32:48.678 [Test worker] o.h.tool.hbm2ddl.SchemaExport  HHH000227: Running hbm2ddl schema export
[INFO] 2016-11-16 15:32:48.687 [Test worker] o.h.tool.hbm2ddl.SchemaExport  HHH000230: Schema export complete
[INFO] 2016-11-16 15:32:48.721 [Test worker] o.s.o.j.LocalContainerEntityManagerFactoryBean  Initialized JPA EntityManagerFactory for persistence unit 'default'
[INFO] 2016-11-16 15:32:49.547 [Test worker] o.a.c.w.s.f.ReflectionServiceFactoryBean  Creating Service {http://nbp.camel.scalatech.java.pl/}CurrentServiceService from class pl.java.scalatech.camel.nbp.CurrentService
[INFO] 2016-11-16 15:32:51.357 [Test worker] o.s.b.t.m.w.SpringBootMockServletContext  jolokia: No access restrictor found, access to any MBean is allowed
[INFO] 2016-11-16 15:32:52.040 [Test worker] o.s.w.s.m.m.a.RequestMappingHandlerAdapter  Looking for @ControllerAdvice: org.springframework.web.context.support.GenericWebApplicationContext@72f7170: startup date [Wed Nov 16 15:32:44 CET 2016]; root of context hierarchy
[INFO] 2016-11-16 15:32:52.169 [Test worker] o.s.w.s.m.m.a.RequestMappingHandlerMapping  Mapped "{[/byCode/{code}],methods=[GET]}" onto public java.lang.String pl.java.scalatech.web.CurrencyController.getMutlipierByCode(java.lang.String)
[INFO] 2016-11-16 15:32:52.172 [Test worker] o.s.w.s.m.m.a.RequestMappingHandlerMapping  Mapped "{[/byCodeWs/{code}],methods=[GET]}" onto public java.lang.String pl.java.scalatech.web.CurrencyWsController.getMutlipierByCode(java.lang.String)
[INFO] 2016-11-16 15:32:52.173 [Test worker] o.s.w.s.m.m.a.RequestMappingHandlerMapping  Mapped "{[/generate]}" onto java.lang.String pl.java.scalatech.web.GenerateController.generate()
[INFO] 2016-11-16 15:32:52.179 [Test worker] o.s.w.s.m.m.a.RequestMappingHandlerMapping  Mapped "{[/error],produces=[text/html]}" onto public org.springframework.web.servlet.ModelAndView org.springframework.boot.autoconfigure.web.BasicErrorController.errorHtml(javax.servlet.http.HttpServletRequest,javax.servlet.http.HttpServletResponse)
[INFO] 2016-11-16 15:32:52.180 [Test worker] o.s.w.s.m.m.a.RequestMappingHandlerMapping  Mapped "{[/error]}" onto public org.springframework.http.ResponseEntity<java.util.Map<java.lang.String, java.lang.Object>> org.springframework.boot.autoconfigure.web.BasicErrorController.error(javax.servlet.http.HttpServletRequest)
[INFO] 2016-11-16 15:32:52.241 [Test worker] o.s.w.s.h.SimpleUrlHandlerMapping  Mapped URL path [/webjars/**] onto handler of type [class org.springframework.web.servlet.resource.ResourceHttpRequestHandler]
[INFO] 2016-11-16 15:32:52.242 [Test worker] o.s.w.s.h.SimpleUrlHandlerMapping  Mapped URL path [/**] onto handler of type [class org.springframework.web.servlet.resource.ResourceHttpRequestHandler]
[INFO] 2016-11-16 15:32:52.311 [Test worker] o.s.w.s.h.SimpleUrlHandlerMapping  Mapped URL path [/**/favicon.ico] onto handler of type [class org.springframework.web.servlet.resource.ResourceHttpRequestHandler]
[INFO] 2016-11-16 15:32:52.499 [Test worker] o.a.c.i.c.DefaultTypeConverter  Loaded 214 type converters
[INFO] 2016-11-16 15:32:53.509 [Test worker] o.s.b.a.e.mvc.EndpointHandlerMapping  Mapped "{[/dump || /dump.json],methods=[GET],produces=[application/json]}" onto public java.lang.Object org.springframework.boot.actuate.endpoint.mvc.EndpointMvcAdapter.invoke()
[INFO] 2016-11-16 15:32:53.511 [Test worker] o.s.b.a.e.mvc.EndpointHandlerMapping  Mapped "{[/autoconfig || /autoconfig.json],methods=[GET],produces=[application/json]}" onto public java.lang.Object org.springframework.boot.actuate.endpoint.mvc.EndpointMvcAdapter.invoke()
[INFO] 2016-11-16 15:32:53.514 [Test worker] o.s.b.a.e.mvc.EndpointHandlerMapping  Mapped "{[/jolokia/**]}" onto public org.springframework.web.servlet.ModelAndView org.springframework.boot.actuate.endpoint.mvc.JolokiaMvcEndpoint.handle(javax.servlet.http.HttpServletRequest,javax.servlet.http.HttpServletResponse) throws java.lang.Exception
[INFO] 2016-11-16 15:32:53.515 [Test worker] o.s.b.a.e.mvc.EndpointHandlerMapping  Mapped "{[/mappings || /mappings.json],methods=[GET],produces=[application/json]}" onto public java.lang.Object org.springframework.boot.actuate.endpoint.mvc.EndpointMvcAdapter.invoke()
[INFO] 2016-11-16 15:32:53.518 [Test worker] o.s.b.a.e.mvc.EndpointHandlerMapping  Mapped "{[/env/{name:.*}],methods=[GET],produces=[application/json]}" onto public java.lang.Object org.springframework.boot.actuate.endpoint.mvc.EnvironmentMvcEndpoint.value(java.lang.String)
[INFO] 2016-11-16 15:32:53.518 [Test worker] o.s.b.a.e.mvc.EndpointHandlerMapping  Mapped "{[/env || /env.json],methods=[GET],produces=[application/json]}" onto public java.lang.Object org.springframework.boot.actuate.endpoint.mvc.EndpointMvcAdapter.invoke()
[INFO] 2016-11-16 15:32:53.520 [Test worker] o.s.b.a.e.mvc.EndpointHandlerMapping  Mapped "{[/health || /health.json],produces=[application/json]}" onto public java.lang.Object org.springframework.boot.actuate.endpoint.mvc.HealthMvcEndpoint.invoke(java.security.Principal)
[INFO] 2016-11-16 15:32:53.521 [Test worker] o.s.b.a.e.mvc.EndpointHandlerMapping  Mapped "{[/beans || /beans.json],methods=[GET],produces=[application/json]}" onto public java.lang.Object org.springframework.boot.actuate.endpoint.mvc.EndpointMvcAdapter.invoke()
[INFO] 2016-11-16 15:32:53.526 [Test worker] o.s.b.a.e.mvc.EndpointHandlerMapping  Mapped "{[/metrics/{name:.*}],methods=[GET],produces=[application/json]}" onto public java.lang.Object org.springframework.boot.actuate.endpoint.mvc.MetricsMvcEndpoint.value(java.lang.String)
[INFO] 2016-11-16 15:32:53.527 [Test worker] o.s.b.a.e.mvc.EndpointHandlerMapping  Mapped "{[/metrics || /metrics.json],methods=[GET],produces=[application/json]}" onto public java.lang.Object org.springframework.boot.actuate.endpoint.mvc.EndpointMvcAdapter.invoke()
[INFO] 2016-11-16 15:32:53.528 [Test worker] o.s.b.a.e.mvc.EndpointHandlerMapping  Mapped "{[/heapdump || /heapdump.json],methods=[GET],produces=[application/octet-stream]}" onto public void org.springframework.boot.actuate.endpoint.mvc.HeapdumpMvcEndpoint.invoke(boolean,javax.servlet.http.HttpServletRequest,javax.servlet.http.HttpServletResponse) throws java.io.IOException,javax.servlet.ServletException
[INFO] 2016-11-16 15:32:53.530 [Test worker] o.s.b.a.e.mvc.EndpointHandlerMapping  Mapped "{[/info || /info.json],methods=[GET],produces=[application/json]}" onto public java.lang.Object org.springframework.boot.actuate.endpoint.mvc.EndpointMvcAdapter.invoke()
[INFO] 2016-11-16 15:32:53.532 [Test worker] o.s.b.a.e.mvc.EndpointHandlerMapping  Mapped "{[/configprops || /configprops.json],methods=[GET],produces=[application/json]}" onto public java.lang.Object org.springframework.boot.actuate.endpoint.mvc.EndpointMvcAdapter.invoke()
[INFO] 2016-11-16 15:32:53.533 [Test worker] o.s.b.a.e.mvc.EndpointHandlerMapping  Mapped "{[/trace || /trace.json],methods=[GET],produces=[application/json]}" onto public java.lang.Object org.springframework.boot.actuate.endpoint.mvc.EndpointMvcAdapter.invoke()
[INFO] 2016-11-16 15:32:54.100 [Test worker] o.a.c.spring.boot.RoutesCollector  Loading additional Camel XML routes from: classpath:camel/*.xml
[INFO] 2016-11-16 15:32:54.101 [Test worker] o.a.c.spring.boot.RoutesCollector  Loading additional Camel XML rests from: classpath:camel-rest/*.xml
[INFO] 2016-11-16 15:32:54.102 [Test worker] o.a.camel.spring.SpringCamelContext  Apache Camel 2.18.0 (CamelContext: camel-1) is starting
[INFO] 2016-11-16 15:32:54.103 [Test worker] o.a.c.m.ManagedManagementStrategy  JMX is enabled
[INFO] 2016-11-16 15:32:54.198 [Test worker] o.a.c.i.DefaultRuntimeEndpointRegistry  Runtime endpoint registry is in extended mode gathering usage statistics of all incoming and outgoing endpoints (cache limit: 1000)
